<?xml version="1.0" encoding="UTF-8"?>
<!-- Generated by org.testng.reporters.JUnitReportReporter -->
<testsuite hostname="DESKTOP-VVRFCCH" failures="0" tests="5" name="org.test.Mars" time="0.336" errors="0" timestamp="2020-06-03T18:24:48 IST" skipped="0">
  <testcase classname="org.test.Mars" name="test1" time="0.190"/>
  <system-out/>
  <testcase classname="org.test.Mars" name="test2" time="0.009"/>
  <system-out/>
  <testcase classname="org.test.Mars" name="test6" time="0.021"/>
  <system-out/>
  <testcase classname="org.test.Mars" name="test4" time="0.055"/>
  <system-out/>
  <testcase classname="org.test.Mars" name="test3" time="0.061"/>
  <system-out/>
</testsuite> <!-- org.test.Mars -->
