<?xml version="1.0" encoding="UTF-8"?>
<!-- Generated by org.testng.reporters.JUnitReportReporter -->
<testsuite hostname="DESKTOP-VVRFCCH" failures="0" tests="4" name="org.test.pioty" time="0.047" errors="0" timestamp="2020-05-06T08:56:50 IST" skipped="0">
  <testcase classname="org.test.pioty" name="test5" time="0.025"/>
  <system-out/>
  <testcase classname="org.test.pioty" name="test3" time="0.007"/>
  <system-out/>
  <testcase classname="org.test.pioty" name="test1" time="0.006"/>
  <system-out/>
  <testcase classname="org.test.pioty" name="test2" time="0.009"/>
  <system-out/>
</testsuite> <!-- org.test.pioty -->
