<?xml version="1.0" encoding="UTF-8"?>
<!-- Generated by org.testng.reporters.JUnitReportReporter -->
<testsuite hostname="DESKTOP-VVRFCCH" failures="0" tests="6" name="org.test.Execution" time="0.088" errors="0" timestamp="2020-05-08T19:26:47 IST" skipped="0">
  <testcase classname="org.test.Execution" name="test2" time="0.015"/>
  <system-out/>
  <testcase classname="org.test.Execution" name="test2" time="0.000"/>
  <system-out/>
  <testcase classname="org.test.Execution" name="test2" time="0.000"/>
  <system-out/>
  <testcase classname="org.test.Execution" name="test2" time="0.016"/>
  <system-out/>
  <testcase classname="org.test.Execution" name="test2" time="0.016"/>
  <system-out/>
  <testcase classname="org.test.Execution" name="test1" time="0.041"/>
  <system-out/>
</testsuite> <!-- org.test.Execution -->
