<?xml version="1.0" encoding="UTF-8"?>
<!-- Generated by org.testng.reporters.JUnitReportReporter -->
<testsuite hostname="DESKTOP-VVRFCCH" failures="0" tests="4" name="org.test.B" time="0.084" errors="0" timestamp="2020-05-12T18:19:13 IST" skipped="0">
  <testcase classname="org.test.B" name="test" time="0.029"/>
  <system-out/>
  <testcase classname="org.test.B" name="test4" time="0.014"/>
  <system-out/>
  <testcase classname="org.test.B" name="test3" time="0.012"/>
  <system-out/>
  <testcase classname="org.test.B" name="test2" time="0.029"/>
  <system-out/>
</testsuite> <!-- org.test.B -->
