<?xml version="1.0" encoding="UTF-8"?>
<!-- Generated by org.testng.reporters.JUnitReportReporter -->
<testsuite hostname="DESKTOP-VVRFCCH" failures="0" tests="1" name="org.test.A" time="0.034" errors="0" timestamp="2020-05-12T18:12:41 IST" skipped="0">
  <testcase classname="org.test.A" name="test" time="0.034"/>
  <system-out/>
</testsuite> <!-- org.test.A -->
